INFO  00:10:32,336 HelpFormatter - -------------------------------------------------------------------------------- 
INFO  00:10:32,339 HelpFormatter - The Genome Analysis Toolkit (GATK) v3.7-0-gcfedb67, Compiled 2016/12/12 11:21:18 
INFO  00:10:32,339 HelpFormatter - Copyright (c) 2010-2016 The Broad Institute 
INFO  00:10:32,339 HelpFormatter - For support and documentation go to https://software.broadinstitute.org/gatk 
INFO  00:10:32,339 HelpFormatter - [Tue Oct 05 00:10:32 EDT 2021] Executing on Mac OS X 10.16 x86_64 
INFO  00:10:32,339 HelpFormatter - OpenJDK 64-Bit Server VM 1.8.0_292-b10 
INFO  00:10:32,342 HelpFormatter - Program Args: -T RealignerTargetCreator -R chr17.fa -I lane_sorted.bam -o lane.intervals --known resources_broad_hg38_v0_Mills_and_1000G_gold_standard.indels.hg38.vcf 
INFO  00:10:32,635 HelpFormatter - Executing as neeharikavangavaragu@Neeharikas-MacBook-Pro.local on Mac OS X 10.16 x86_64; OpenJDK 64-Bit Server VM 1.8.0_292-b10. 
INFO  00:10:32,636 HelpFormatter - Date/Time: 2021/10/05 00:10:32 
INFO  00:10:32,636 HelpFormatter - -------------------------------------------------------------------------------- 
INFO  00:10:32,636 HelpFormatter - -------------------------------------------------------------------------------- 
INFO  00:10:32,647 GenomeAnalysisEngine - Strictness is SILENT 
INFO  00:10:32,740 GenomeAnalysisEngine - Downsampling Settings: Method: BY_SAMPLE, Target Coverage: 1000 
INFO  00:10:32,745 SAMDataSource$SAMReaders - Initializing SAMRecords in serial 
INFO  00:10:32,765 SAMDataSource$SAMReaders - Done initializing BAM readers: total time 0.02 
INFO  00:10:33,118 GenomeAnalysisEngine - Preparing for traversal over 1 BAM files 
INFO  00:10:33,231 GenomeAnalysisEngine - Done preparing for traversal 
INFO  00:10:33,232 ProgressMeter - [INITIALIZATION COMPLETE; STARTING PROCESSING] 
INFO  00:10:33,232 ProgressMeter -                 | processed |    time |    per 1M |           |   total | remaining 
INFO  00:10:33,232 ProgressMeter -        Location |     sites | elapsed |     sites | completed | runtime |   runtime 
INFO  00:11:03,242 ProgressMeter -  chr17:16250645   1.6236544E7    30.0 s       1.0 s       19.5%     2.6 m       2.1 m 
INFO  00:11:33,250 ProgressMeter -  chr17:36003049   3.5995648E7    60.0 s       1.0 s       43.2%     2.3 m      78.0 s 
INFO  00:12:03,261 ProgressMeter -  chr17:53849925   5.3837824E7    90.0 s       1.0 s       64.7%     2.3 m      49.0 s 
INFO  00:12:33,275 ProgressMeter -  chr17:71942061   7.192576E7   120.0 s       1.0 s       86.4%     2.3 m      18.0 s 
INFO  00:12:51,992 ProgressMeter -            done   8.3257441E7     2.3 m       1.0 s      100.0%     2.3 m       0.0 s 
INFO  00:12:51,993 ProgressMeter - Total runtime 138.76 secs, 2.31 min, 0.04 hours 
INFO  00:12:51,995 MicroScheduler - 123803 reads were filtered out during the traversal out of approximately 10466741 total reads (1.18%) 
INFO  00:12:51,995 MicroScheduler -   -> 0 reads (0.00% of total) failing BadCigarFilter 
INFO  00:12:51,995 MicroScheduler -   -> 0 reads (0.00% of total) failing BadMateFilter 
INFO  00:12:51,996 MicroScheduler -   -> 0 reads (0.00% of total) failing DuplicateReadFilter 
INFO  00:12:51,996 MicroScheduler -   -> 0 reads (0.00% of total) failing FailsVendorQualityCheckFilter 
INFO  00:12:51,996 MicroScheduler -   -> 0 reads (0.00% of total) failing MalformedReadFilter 
INFO  00:12:51,996 MicroScheduler -   -> 0 reads (0.00% of total) failing MappingQualityUnavailableFilter 
INFO  00:12:51,996 MicroScheduler -   -> 123803 reads (1.18% of total) failing MappingQualityZeroFilter 
INFO  00:12:51,996 MicroScheduler -   -> 0 reads (0.00% of total) failing NotPrimaryAlignmentFilter 
INFO  00:12:51,996 MicroScheduler -   -> 0 reads (0.00% of total) failing Platform454Filter 
INFO  00:12:51,996 MicroScheduler -   -> 0 reads (0.00% of total) failing UnmappedReadFilter 
------------------------------------------------------------------------------------------
Done. ------------------------------------------------------------------------------------------
INFO  00:12:53,138 HelpFormatter - -------------------------------------------------------------------------------- 
INFO  00:12:53,140 HelpFormatter - The Genome Analysis Toolkit (GATK) v3.7-0-gcfedb67, Compiled 2016/12/12 11:21:18 
INFO  00:12:53,140 HelpFormatter - Copyright (c) 2010-2016 The Broad Institute 
INFO  00:12:53,140 HelpFormatter - For support and documentation go to https://software.broadinstitute.org/gatk 
INFO  00:12:53,141 HelpFormatter - [Tue Oct 05 00:12:53 EDT 2021] Executing on Mac OS X 10.16 x86_64 
INFO  00:12:53,141 HelpFormatter - OpenJDK 64-Bit Server VM 1.8.0_292-b10 
INFO  00:12:53,143 HelpFormatter - Program Args: -T IndelRealigner -R chr17.fa -I lane_sorted.bam -targetIntervals lane.intervals -known resources_broad_hg38_v0_Mills_and_1000G_gold_standard.indels.hg38.vcf -o lane_realigned.bam 
INFO  00:12:53,375 HelpFormatter - Executing as neeharikavangavaragu@Neeharikas-MacBook-Pro.local on Mac OS X 10.16 x86_64; OpenJDK 64-Bit Server VM 1.8.0_292-b10. 
INFO  00:12:53,376 HelpFormatter - Date/Time: 2021/10/05 00:12:53 
INFO  00:12:53,376 HelpFormatter - -------------------------------------------------------------------------------- 
INFO  00:12:53,376 HelpFormatter - -------------------------------------------------------------------------------- 
INFO  00:12:53,440 GenomeAnalysisEngine - Strictness is SILENT 
INFO  00:12:53,474 GenomeAnalysisEngine - Downsampling Settings: No downsampling 
INFO  00:12:53,478 SAMDataSource$SAMReaders - Initializing SAMRecords in serial 
INFO  00:12:53,496 SAMDataSource$SAMReaders - Done initializing BAM readers: total time 0.02 
INFO  00:12:53,760 GenomeAnalysisEngine - Preparing for traversal over 1 BAM files 
INFO  00:12:53,763 GenomeAnalysisEngine - Done preparing for traversal 
INFO  00:12:53,763 ProgressMeter - [INITIALIZATION COMPLETE; STARTING PROCESSING] 
INFO  00:12:53,763 ProgressMeter -                 | processed |    time |    per 1M |           |   total | remaining 
INFO  00:12:53,763 ProgressMeter -        Location |     reads | elapsed |     reads | completed | runtime |   runtime 
INFO  00:12:53,810 ReadShardBalancer$1 - Loading BAM index data 
INFO  00:12:53,810 ReadShardBalancer$1 - Done loading BAM index data 
INFO  00:13:23,776 ProgressMeter -  chr17:10331797   1300013.0    30.0 s      23.0 s       12.4%     4.0 m       3.5 m 
INFO  00:13:53,791 ProgressMeter -  chr17:22418248   2800028.0    60.0 s      21.0 s       26.9%     3.7 m       2.7 m 
INFO  00:14:23,796 ProgressMeter -  chr17:37812971   4300043.0    90.0 s      20.0 s       45.4%     3.3 m     108.0 s 
INFO  00:14:53,807 ProgressMeter -  chr17:49672165   5900061.0   120.0 s      20.0 s       59.7%     3.4 m      81.0 s 
INFO  00:15:23,823 ProgressMeter -  chr17:61656071   7500080.0     2.5 m      20.0 s       74.1%     3.4 m      52.0 s 
INFO  00:15:53,835 ProgressMeter -  chr17:73517551   9000098.0     3.0 m      20.0 s       88.3%     3.4 m      23.0 s 
INFO  00:16:19,118 ProgressMeter -            done   1.0372833E7     3.4 m      19.0 s      100.0%     3.4 m       0.0 s 
INFO  00:16:19,119 ProgressMeter - Total runtime 205.36 secs, 3.42 min, 0.06 hours 
INFO  00:16:19,122 MicroScheduler - 0 reads were filtered out during the traversal out of approximately 10372833 total reads (0.00%) 
INFO  00:16:19,122 MicroScheduler -   -> 0 reads (0.00% of total) failing BadCigarFilter 
INFO  00:16:19,122 MicroScheduler -   -> 0 reads (0.00% of total) failing MalformedReadFilter 
------------------------------------------------------------------------------------------
Done. ------------------------------------------------------------------------------------------
